<?xml version="1.0" encoding="UTF-8"?>
<testsuite xmlns:xsi="http://www.w3.org/2001/XMLSchema-instance" xsi:noNamespaceSchemaLocation="https://maven.apache.org/surefire/maven-surefire-plugin/xsd/surefire-test-report-3.0.xsd" version="3.0" name="registrationTest.ValidationMessagesTest" time="130.928" tests="7" errors="0" skipped="0" failures="0">
  <properties>
[...]
</properties>
  <testcase name="[0] Login - valid, Email - NOT valid, Password - NOT valid, UserForRegistration{userName=&apos;TC023daGoodwin20240919214816&apos;, email=&apos;tr&apos;, password=&apos;tr&apos;}, You must provide a valid email address.;Password must be at least 12 characters. (TC023_validationMessagesTest)" classname="registrationTest.ValidationMessagesTest" time="28.193"/>
  <testcase name="[1] Login - valid, Email - valid, password - NOT valid, UserForRegistration{userName=&apos;TC023daBednar20240919214816&apos;, email=&apos;TC023daBednar20240919214816@gml.rr&apos;, password=&apos;tr&apos;}, Password must be at least 12 characters. (TC023_validationMessagesTest)" classname="registrationTest.ValidationMessagesTest" time="19.239"/>
  <testcase name="[2] Login -  NOT valid, Email -  NOT valid, password -  NOT valid, UserForRegistration{userName=&apos;tt&apos;, email=&apos;tr&apos;, password=&apos;tr&apos;}, Username must be at least 3 characters.;You must provide a valid email address.;Password must be at least 12 characters. (TC023_validationMessagesTest)" classname="registrationTest.ValidationMessagesTest" time="17.983"/>
  <testcase name="[3] Login -  NOT valid, Email -  NOT valid, password -  NOT valid, UserForRegistration{userName=&apos;tttttttttttttttttttttttttttttt1&apos;, email=&apos;tr&apos;, password=&apos;tr&apos;}, Username cannot exceed 30 characters.;You must provide a valid email address.;Password must be at least 12 characters. (TC023_validationMessagesTest)" classname="registrationTest.ValidationMessagesTest" time="16.78"/>
  <testcase name="[4] Login - valid, Email -  NOT valid, password - valid, UserForRegistration{userName=&apos;tttttttttttttttttttttttttttttt&apos;, email=&apos;tr&apos;, password=&apos;tttttt111111&apos;}, You must provide a valid email address. (TC023_validationMessagesTest)" classname="registrationTest.ValidationMessagesTest" time="16.017"/>
  <testcase name="[5] Login -  NOT valid, Email -  NOT valid, password - valid, UserForRegistration{userName=&apos;tttttttttttttttttttttttttttttt1&apos;, email=&apos;tr&apos;, password=&apos;ttttttttttttttttttttttttt1111111111111111111111111&apos;}, Username cannot exceed 30 characters.;You must provide a valid email address. (TC023_validationMessagesTest)" classname="registrationTest.ValidationMessagesTest" time="16.343"/>
  <testcase name="[6] Login -  NOT valid, Email -  NOT valid, password -  NOT valid, UserForRegistration{userName=&apos;tttttttttttttttttttttttttttttt1&apos;, email=&apos;tr&apos;, password=&apos;ttttttttttttttttttttttttt111111111111111111111111122&apos;}, Username cannot exceed 30 characters.;You must provide a valid email address.;Password cannot exceed 50 characters. (TC023_validationMessagesTest)" classname="registrationTest.ValidationMessagesTest" time="16.215"/>
</testsuite>